# JRE version: OpenJDK Runtime Environment (23.0.2+7) (build 23.0.2+7-58)
# Java VM: OpenJDK 64-Bit Server VM (23.0.2+7-58, mixed mode, sharing, tiered, compressed oops, compressed class ptrs, g1 gc, windows-amd64)
GC Precious Log:
 CardTable entry size: 512
 Card Set container configuration: InlinePtr #cards 4 size 8 Array Of Cards #cards 16 size 48 Howl #buckets 8 coarsen threshold 3686 Howl Bitmap #cards 512 size 80 coarsen threshold 460 Card regions per heap region 1 cards per card region 4096
 CPUs: 16 total, 16 available
 Memory: 15791M
 Large Page Support: Disabled
 NUMA Support: Disabled
 Compressed Oops: Enabled (Zero based)
 Heap Region Size: 2M
 Heap Min Capacity: 8M
 Heap Initial Capacity: 248M
 Heap Max Capacity: 3948M
 Pre-touch: Disabled
 Parallel Workers: 13
 Concurrent Workers: 3
 Concurrent Refinement Workers: 13
 Periodic GC: Disabled
Heap:
 garbage-first heap   total reserved 4042752K, committed 55296K, used 26890K [0x0000000709400000, 0x0000000800000000)
  region size 2048K, 10 young (20480K), 3 survivors (6144K)
 Metaspace       used 24249K, committed 24640K, reserved 1114112K
  class space    used 3216K, committed 3392K, reserved 1048576K
GC Heap History (8 events):
Event: 0.813 GC heap before
{Heap before GC invocations=0 (full 0):
 garbage-first heap   total reserved 4042752K, committed 253952K, used 22528K [0x0000000709400000, 0x0000000800000000)
  region size 2048K, 12 young (24576K), 0 survivors (0K)
 Metaspace       used 4745K, committed 4992K, reserved 1114112K
  class space    used 544K, committed 640K, reserved 1048576K
}
Event: 0.820 GC heap after
{Heap after GC invocations=1 (full 0):
 garbage-first heap   total reserved 4042752K, committed 253952K, used 3300K [0x0000000709400000, 0x0000000800000000)
  region size 2048K, 2 young (4096K), 2 survivors (4096K)
 Metaspace       used 4745K, committed 4992K, reserved 1114112K
  class space    used 544K, committed 640K, reserved 1048576K
}
Event: 1.223 GC heap before
{Heap before GC invocations=1 (full 0):
 garbage-first heap   total reserved 4042752K, committed 253952K, used 25828K [0x0000000709400000, 0x0000000800000000)
  region size 2048K, 13 young (26624K), 2 survivors (4096K)
 Metaspace       used 10425K, committed 10688K, reserved 1114112K
  class space    used 1389K, committed 1536K, reserved 1048576K
}
Event: 1.228 GC heap after
{Heap after GC invocations=2 (full 0):
 garbage-first heap   total reserved 4042752K, committed 253952K, used 6678K [0x0000000709400000, 0x0000000800000000)
  region size 2048K, 2 young (4096K), 2 survivors (4096K)
 Metaspace       used 10425K, committed 10688K, reserved 1114112K
  class space    used 1389K, committed 1536K, reserved 1048576K
}
Event: 22.724 GC heap before
{Heap before GC invocations=2 (full 0):
 garbage-first heap   total reserved 4042752K, committed 253952K, used 66070K [0x0000000709400000, 0x0000000800000000)
  region size 2048K, 31 young (63488K), 2 survivors (4096K)
 Metaspace       used 19274K, committed 19648K, reserved 1114112K
  class space    used 2599K, committed 2752K, reserved 1048576K
}
Event: 22.733 GC heap after
{Heap after GC invocations=3 (full 0):
 garbage-first heap   total reserved 4042752K, committed 253952K, used 13587K [0x0000000709400000, 0x0000000800000000)
  region size 2048K, 4 young (8192K), 4 survivors (8192K)
 Metaspace       used 19274K, committed 19648K, reserved 1114112K
  class space    used 2599K, committed 2752K, reserved 1048576K
}
Event: 22.853 GC heap before
{Heap before GC invocations=3 (full 0):
 garbage-first heap   total reserved 4042752K, committed 253952K, used 19731K [0x0000000709400000, 0x0000000800000000)
  region size 2048K, 8 young (16384K), 4 survivors (8192K)
 Metaspace       used 21113K, committed 21504K, reserved 1114112K
  class space    used 2870K, committed 3072K, reserved 1048576K
}
Event: 22.860 GC heap after
{Heap after GC invocations=4 (full 0):
 garbage-first heap   total reserved 4042752K, committed 253952K, used 14602K [0x0000000709400000, 0x0000000800000000)
  region size 2048K, 3 young (6144K), 3 survivors (6144K)
 Metaspace       used 21113K, committed 21504K, reserved 1114112K
  class space    used 2870K, committed 3072K, reserved 1048576K
}

